
**** Build of configuration Release for project application ****

"C:\\ti\\ccs1011\\ccs\\utils\\bin\\gmake" -k -j 4 all -O 
 
making ../src/sysbios/rom_sysbios.aem4f ...
gmake[1]: Nothing to be done for 'all'.
Building file: "../Application/services/sydantek.c"
Invoking: ARM Compiler
"C:/ti/ccs1011/ccs/tools/compiler/ti-cgt-arm_20.2.1.LTS/bin/armcl" --cmd_file="C:/tibackup/SydantekVer4.1_Workspace1p5 -dumy test/application/Release/syscfg/ti_ble_app_config.opt" --cmd_file="C:/tibackup/SydantekVer4.1_Workspace1p5 -dumy test/application/Release/syscfg/ti_build_config.opt" --cmd_file="C:/ti/simplelink_cc13x2_26x2_sdk_4_30_00_54/source/ti/ble5stack/config/build_components.opt" --cmd_file="C:/ti/simplelink_cc13x2_26x2_sdk_4_30_00_54/source/ti/ble5stack/config/factory_config.opt"  -mv7M4 --code_state=16 --float_support=FPv4SPD16 -me -Ooff --opt_for_speed=0 --include_path="C:/tibackup/SydantekVer4.1_Workspace1p5 -dumy test/application" --include_path="C:/tibackup/SydantekVer4.1_Workspace1p5 -dumy test/application/Release" --include_path="C:/tibackup/SydantekVer4.1_Workspace1p5 -dumy test/application/Application" --include_path="C:/ti/simplelink_cc13x2_26x2_sdk_4_30_00_54/source/ti/ble5stack" --include_path="C:/ti/simplelink_cc13x2_26x2_sdk_4_30_00_54/source/ti/ble5stack/common/cc26xx/" --include_path="C:/ti/simplelink_cc13x2_26x2_sdk_4_30_00_54/source/ti/ble5stack/boards/CC26X2R1_LAUNCHXL/" --include_path="C:/ti/simplelink_cc13x2_26x2_sdk_4_30_00_54/source/ti/drivers/nvs/" --include_path="C:/ti/simplelink_cc13x2_26x2_sdk_4_30_00_54/source/ti/common/cc26xx/oad/" --include_path="C:/ti/simplelink_cc13x2_26x2_sdk_4_30_00_54/source/ti/ble5stack/profiles/oad/cc26xx" --include_path="C:/ti/simplelink_cc13x2_26x2_sdk_4_30_00_54/source/ti/" --include_path="C:/ti/simplelink_cc13x2_26x2_sdk_4_30_00_54/source" --include_path="C:/ti/simplelink_cc13x2_26x2_sdk_4_30_00_54/kernel/tirtos/packages" --include_path="C:/ti/simplelink_cc13x2_26x2_sdk_4_30_00_54/source/ti/ble5stack/controller/cc26xx/inc" --include_path="C:/ti/simplelink_cc13x2_26x2_sdk_4_30_00_54/source/ti/ble5stack/inc" --include_path="C:/ti/simplelink_cc13x2_26x2_sdk_4_30_00_54/source/ti/ble5stack/rom" --include_path="C:/ti/simplelink_cc13x2_26x2_sdk_4_30_00_54/source/ti/ble5stack/common/cc26xx" --include_path="C:/ti/simplelink_cc13x2_26x2_sdk_4_30_00_54/source/ti/ble5stack/icall/inc" --include_path="C:/ti/simplelink_cc13x2_26x2_sdk_4_30_00_54/source/ti/ble5stack/hal/src/target/_common" --include_path="C:/ti/simplelink_cc13x2_26x2_sdk_4_30_00_54/source/ti/ble5stack/hal/src/target/_common/cc26xx" --include_path="C:/ti/simplelink_cc13x2_26x2_sdk_4_30_00_54/source/ti/ble5stack/hal/src/inc" --include_path="C:/ti/simplelink_cc13x2_26x2_sdk_4_30_00_54/source/ti/ble5stack/heapmgr" --include_path="C:/ti/simplelink_cc13x2_26x2_sdk_4_30_00_54/source/ti/ble5stack/profiles/dev_info" --include_path="C:/ti/simplelink_cc13x2_26x2_sdk_4_30_00_54/source/ti/ble5stack/profiles/simple_profile" --include_path="C:/ti/simplelink_cc13x2_26x2_sdk_4_30_00_54/source/ti/ble5stack/icall/src/inc" --include_path="C:/ti/simplelink_cc13x2_26x2_sdk_4_30_00_54/source/ti/ble5stack/osal/src/inc" --include_path="C:/ti/simplelink_cc13x2_26x2_sdk_4_30_00_54/source/ti/ble5stack/services/src/saddr" --include_path="C:/ti/simplelink_cc13x2_26x2_sdk_4_30_00_54/source/ti/ble5stack/services/src/sdata" --include_path="C:/ti/simplelink_cc13x2_26x2_sdk_4_30_00_54/source/ti/common/nv" --include_path="C:/ti/simplelink_cc13x2_26x2_sdk_4_30_00_54/source/ti/common/cc26xx" --include_path="C:/ti/simplelink_cc13x2_26x2_sdk_4_30_00_54/source/ti/devices/cc13x2_cc26x2" --include_path="C:/ti/simplelink_cc13x2_26x2_sdk_4_30_00_54/source/ti/posix/ccs" --include_path="C:/ti/ccs1011/ccs/tools/compiler/ti-cgt-arm_20.2.1.LTS/include" --define=SECURITY --define=uartlog_FILE="\"sydantek.c\"" --define=DeviceFamily_CC26X2 --define=FLASH_ROM_BUILD --define=NVOCMP_NWSAMEITEM=1 -g --c99 --gcc --diag_warning=225 --diag_warning=255 --diag_wrap=off --display_error_number --gen_func_subsections=on --abi=eabi --preproc_with_compile --preproc_dependency="Application/services/sydantek.d_raw" --include_path="C:/tibackup/SydantekVer4.1_Workspace1p5 -dumy test/application/Release/syscfg" --obj_directory="Application/services" --cmd_file="syscfg/ti_build_config.opt" --cmd_file="syscfg/ti_ble_app_config.opt" --cmd_file="configPkg/compiler.opt"  "../Application/services/sydantek.c"
 
>> Compilation failure
Application/services/subdir_rules.mk:9: recipe for target 'Application/services/sydantek.obj' failed
"../Application/services/sydantek.c", line 708: warning #552-D: variable "k" was set but never used
"../Application/services/sydantek.c", line 796: warning #552-D: variable "cTempRx" was set but never used
"../Application/services/sydantek.c", line 835: warning #179-D: variable "ptr" was declared but never referenced
"../Application/services/sydantek.c", line 836: warning #179-D: variable "k" was declared but never referenced
"../Application/services/sydantek.c", line 837: warning #179-D: variable "ch" was declared but never referenced
"../Application/services/sydantek.c", line 896: warning #515-D: a value of type "uint8_t *" cannot be assigned to an entity of type "uint8_t"
"../Application/services/sydantek.c", line 898: warning #515-D: a value of type "uint8_t" cannot be assigned to an entity of type "void *"
"../Application/services/sydantek.c", line 880: warning #552-D: variable "cTempRx" was set but never used
"../Application/services/sydantek.c", line 929: warning #179-D: variable "j" was declared but never referenced
"../Application/services/sydantek.c", line 929: warning #179-D: variable "ch" was declared but never referenced
"../Application/services/sydantek.c", line 1450: warning #179-D: variable "k" was declared but never referenced
"../Application/services/sydantek.c", line 1480: warning #552-D: variable "statusbreakpoint" was set but never used
"../Application/services/sydantek.c", line 1514: error #20: identifier "attributes" is undefined
"../Application/services/sydantek.c", line 1506: warning #179-D: variable "uGettime" was declared but never referenced
"../Application/services/sydantek.c", line 114: warning #179-D: variable "service_uuid" was declared but never referenced
"../Application/services/sydantek.c", line 115: warning #179-D: variable "params_uuid" was declared but never referenced
"../Application/services/sydantek.c", line 116: warning #179-D: variable "notify_uuid" was declared but never referenced
"../Application/services/sydantek.c", line 119: warning #179-D: variable "params" was declared but never referenced
"../Application/services/sydantek.c", line 315: warning #179-D: variable "syncEvent" was declared but never referenced
1 error detected in the compilation of "../Application/services/sydantek.c".
gmake: *** [Application/services/sydantek.obj] Error 1
Building file: "../Profiles/devinfoservice.c"
Invoking: ARM Compiler
"C:/ti/ccs1011/ccs/tools/compiler/ti-cgt-arm_20.2.1.LTS/bin/armcl" --cmd_file="C:/tibackup/SydantekVer4.1_Workspace1p5 -dumy test/application/Release/syscfg/ti_ble_app_config.opt" --cmd_file="C:/tibackup/SydantekVer4.1_Workspace1p5 -dumy test/application/Release/syscfg/ti_build_config.opt" --cmd_file="C:/ti/simplelink_cc13x2_26x2_sdk_4_30_00_54/source/ti/ble5stack/config/build_components.opt" --cmd_file="C:/ti/simplelink_cc13x2_26x2_sdk_4_30_00_54/source/ti/ble5stack/config/factory_config.opt"  -mv7M4 --code_state=16 --float_support=FPv4SPD16 -me -Ooff --opt_for_speed=0 --include_path="C:/tibackup/SydantekVer4.1_Workspace1p5 -dumy test/application" --include_path="C:/tibackup/SydantekVer4.1_Workspace1p5 -dumy test/application/Release" --include_path="C:/tibackup/SydantekVer4.1_Workspace1p5 -dumy test/application/Application" --include_path="C:/ti/simplelink_cc13x2_26x2_sdk_4_30_00_54/source/ti/ble5stack" --include_path="C:/ti/simplelink_cc13x2_26x2_sdk_4_30_00_54/source/ti/ble5stack/common/cc26xx/" --include_path="C:/ti/simplelink_cc13x2_26x2_sdk_4_30_00_54/source/ti/ble5stack/boards/CC26X2R1_LAUNCHXL/" --include_path="C:/ti/simplelink_cc13x2_26x2_sdk_4_30_00_54/source/ti/drivers/nvs/" --include_path="C:/ti/simplelink_cc13x2_26x2_sdk_4_30_00_54/source/ti/common/cc26xx/oad/" --include_path="C:/ti/simplelink_cc13x2_26x2_sdk_4_30_00_54/source/ti/ble5stack/profiles/oad/cc26xx" --include_path="C:/ti/simplelink_cc13x2_26x2_sdk_4_30_00_54/source/ti/" --include_path="C:/ti/simplelink_cc13x2_26x2_sdk_4_30_00_54/source" --include_path="C:/ti/simplelink_cc13x2_26x2_sdk_4_30_00_54/kernel/tirtos/packages" --include_path="C:/ti/simplelink_cc13x2_26x2_sdk_4_30_00_54/source/ti/ble5stack/controller/cc26xx/inc" --include_path="C:/ti/simplelink_cc13x2_26x2_sdk_4_30_00_54/source/ti/ble5stack/inc" --include_path="C:/ti/simplelink_cc13x2_26x2_sdk_4_30_00_54/source/ti/ble5stack/rom" --include_path="C:/ti/simplelink_cc13x2_26x2_sdk_4_30_00_54/source/ti/ble5stack/common/cc26xx" --include_path="C:/ti/simplelink_cc13x2_26x2_sdk_4_30_00_54/source/ti/ble5stack/icall/inc" --include_path="C:/ti/simplelink_cc13x2_26x2_sdk_4_30_00_54/source/ti/ble5stack/hal/src/target/_common" --include_path="C:/ti/simplelink_cc13x2_26x2_sdk_4_30_00_54/source/ti/ble5stack/hal/src/target/_common/cc26xx" --include_path="C:/ti/simplelink_cc13x2_26x2_sdk_4_30_00_54/source/ti/ble5stack/hal/src/inc" --include_path="C:/ti/simplelink_cc13x2_26x2_sdk_4_30_00_54/source/ti/ble5stack/heapmgr" --include_path="C:/ti/simplelink_cc13x2_26x2_sdk_4_30_00_54/source/ti/ble5stack/profiles/dev_info" --include_path="C:/ti/simplelink_cc13x2_26x2_sdk_4_30_00_54/source/ti/ble5stack/profiles/simple_profile" --include_path="C:/ti/simplelink_cc13x2_26x2_sdk_4_30_00_54/source/ti/ble5stack/icall/src/inc" --include_path="C:/ti/simplelink_cc13x2_26x2_sdk_4_30_00_54/source/ti/ble5stack/osal/src/inc" --include_path="C:/ti/simplelink_cc13x2_26x2_sdk_4_30_00_54/source/ti/ble5stack/services/src/saddr" --include_path="C:/ti/simplelink_cc13x2_26x2_sdk_4_30_00_54/source/ti/ble5stack/services/src/sdata" --include_path="C:/ti/simplelink_cc13x2_26x2_sdk_4_30_00_54/source/ti/common/nv" --include_path="C:/ti/simplelink_cc13x2_26x2_sdk_4_30_00_54/source/ti/common/cc26xx" --include_path="C:/ti/simplelink_cc13x2_26x2_sdk_4_30_00_54/source/ti/devices/cc13x2_cc26x2" --include_path="C:/ti/simplelink_cc13x2_26x2_sdk_4_30_00_54/source/ti/posix/ccs" --include_path="C:/ti/ccs1011/ccs/tools/compiler/ti-cgt-arm_20.2.1.LTS/include" --define=SECURITY --define=uartlog_FILE="\"devinfoservice.c\"" --define=DeviceFamily_CC26X2 --define=FLASH_ROM_BUILD --define=NVOCMP_NWSAMEITEM=1 -g --c99 --gcc --diag_warning=225 --diag_warning=255 --diag_wrap=off --display_error_number --gen_func_subsections=on --abi=eabi --preproc_with_compile --preproc_dependency="Profiles/devinfoservice.d_raw" --include_path="C:/tibackup/SydantekVer4.1_Workspace1p5 -dumy test/application/Release/syscfg" --obj_directory="Profiles" --cmd_file="syscfg/ti_build_config.opt" --cmd_file="syscfg/ti_ble_app_config.opt" --cmd_file="configPkg/compiler.opt"  "../Profiles/devinfoservice.c"
Finished building: "../Profiles/devinfoservice.c"
 
gmake: Target 'all' not remade because of errors.

**** Build Finished ****
